\o Program:		@(#)$CDS: libManager version 6.1.7 - CAT35 09/11/2017 15:13 (sjfnl050) $
\o Sub version:		sub-version  s057 
\o Arguments:		-unmapped -mpssession virtuoso20333 -mpshost e-c07kilf1641.it.manchester.ac.uk 
\o Working Directory:	e-c07kilf1641.it.manchester.ac.uk:/home/k55592hr/Cadence/COMP12111
\o 64-bit offsets
\o Qt version: 		4.8.5
\o changeWorkingDir("/home/k55592hr/Cadence/COMP12111") unnecessary.
\o ddSetForcedLib("") unnecessary.
\o Log file is "/home/k55592hr/Cadence/COMP12111/libManager.log".
\o Opening libManager window.
\a nrSetWindowVisibility(cdsLibManager "show")
\o MPS service: map window
\o Library Manager customization server connected.
\a nrSetCurrentWindow(cdsLibManager)
\a nrResizeWindow(cdsLibManager list(956 414 602 491))
\a cdsLibManager->libListBox->value = "MU0_lib"
\a cdsLibManager->libLineEdit->value = "MU0_lib"
\a cdsLibManager->libListBox->value = "COMP12111_lib"
\a cdsLibManager->libLineEdit->value = "COMP12111_lib"
\a cdsLibManager->cellListBox->value = "fulladder"
\a cdsLibManager->cellLineEdit->value = "fulladder"
\a cdsLibManager->cellListBox->value = "sevensegmentdecoder"
\a cdsLibManager->cellLineEdit->value = "sevensegmentdecoder"
\a cdsLibManager->viewListBox->value = "symbol"
\a cdsLibManager->viewLineEdit->value = "symbol"
\a cdsLibManager->viewListBox->value = "functional"
\a cdsLibManager->viewLineEdit->value = "functional"
\o MPS request: edit design
\a nrListItemAction(cdsLibManager->gdmXTView 0 1)
\a cdsLibManager->libListBox->value = nil
\a cdsLibManager->libLineEdit->value = ""
\a cdsLibManager->cellListBox->value = nil
\a cdsLibManager->viewLineEdit->value = ""
\a cdsLibManager->viewListBox->value = nil
\a cdsLibManager->cellLineEdit->value = ""
\a cdsLibManager->libListBox->value = "COMP12111_lib"
\a cdsLibManager->libLineEdit->value = "COMP12111_lib"
\a cdsLibManager->cellListBox->value = "sevensegmentdecoder"
\a cdsLibManager->cellLineEdit->value = "sevensegmentdecoder"
\a cdsLibManager->viewListBox->value = "functional"
\a cdsLibManager->viewLineEdit->value = "functional"
\a cdsLibManager->viewLineEdit->value = ""
\a cdsLibManager->viewListBox->value = nil
\a cdsLibManager->viewListBox->value = "functional"
\a cdsLibManager->viewLineEdit->value = "functional"
\a nrSetCurrentWindow(cdsLibManager)
\a nrSetCurrentWindow(cdsLibManager)
\a cdsLibManager->viewListBox->value = nil
\a cdsLibManager->viewLineEdit->value = ""
\a cdsLibManager->viewListBox->value = "functional"
\a cdsLibManager->viewLineEdit->value = "functional"
\o MPS request: edit design
\a nrListItemAction(cdsLibManager->gdmXTView 0 0)
\a nrSetCurrentWindow(cdsLibManager)
\a lmgrLogShowPopup("mainListPopup2" 62 8 2 "functional")
\a lmgrLogShowPopup("mainListPopup2" 63 7 2 "functional")
\a _lmgrCloseIconify("cdsLibManager" 1)
\o MPS service: shutdown
\o libManager is exiting.
\a nrSetWindowVisibility(cdsLibManager "hide")
\a exit(0)
